<?xml version="1.0" encoding="UTF-8"?>
<!-- Generated by org.testng.reporters.JUnitXMLReporter -->
<testsuite hostname="WINDOWS-8JREQPE" ignored="7" name="Smoke Test" tests="1" failures="0" timestamp="2020-05-30T14:35:00 EDT" time="11.851" errors="0">
  <testcase name="validAdminLogin" time="2.396" classname="com.hrms.testcases.LoginTest"/>
  <testcase name="navigateAndAddEmployee" time="0.0" classname="com.hrms.testcases.HMW">
    <ignored/>
  </testcase> <!-- navigateAndAddEmployee -->
  <testcase name="loginCredentials" time="0.0" classname="com.hrms.testcases.HMW">
    <ignored/>
  </testcase> <!-- loginCredentials -->
  <testcase name="invalidPasswordLogin" time="0.0" classname="com.hrms.testcases.LoginTest">
    <ignored/>
  </testcase> <!-- invalidPasswordLogin -->
  <testcase name="emptyUsernameLogin" time="0.0" classname="com.hrms.testcases.LoginTest">
    <ignored/>
  </testcase> <!-- emptyUsernameLogin -->
  <testcase name="login" time="0.0" classname="com.hrms.testcases.HMW">
    <ignored/>
  </testcase> <!-- login -->
  <testcase name="required" time="0.0" classname="com.hrms.testcases.HMW">
    <ignored/>
  </testcase> <!-- required -->
  <testcase name="addEmployeePage" time="0.0" classname="com.hrms.testcases.AddEmployeeTest">
    <ignored/>
  </testcase> <!-- addEmployeePage -->
</testsuite> <!-- Smoke Test -->
