<?xml version="1.0" encoding="UTF-8"?>
<testng-results skipped="0" failed="0" ignored="7" total="8" passed="1">
  <reporter-output>
  </reporter-output>
  <suite name="Smoke Suite" duration-ms="11851" started-at="2020-05-30T14:34:48 EDT" finished-at="2020-05-30T14:35:00 EDT">
    <groups>
      <group name="smoke">
        <method signature="LoginTest.validAdminLogin()[pri:0, instance:com.hrms.testcases.LoginTest@1f57539]" name="validAdminLogin" class="com.hrms.testcases.LoginTest"/>
      </group> <!-- smoke -->
    </groups>
    <test name="Smoke Test" duration-ms="11851" started-at="2020-05-30T14:34:48 EDT" finished-at="2020-05-30T14:35:00 EDT">
      <class name="com.hrms.testcases.LoginTest">
        <test-method status="PASS" signature="setUp()[pri:0, instance:com.hrms.testcases.LoginTest@1f57539]" name="setUp" is-config="true" duration-ms="8635" started-at="2020-05-30T14:34:48 EDT" finished-at="2020-05-30T14:34:57 EDT">
          <reporter-output>
          </reporter-output>
        </test-method> <!-- setUp -->
        <test-method status="PASS" signature="validAdminLogin()[pri:0, instance:com.hrms.testcases.LoginTest@1f57539]" name="validAdminLogin" duration-ms="2396" started-at="2020-05-30T14:34:57 EDT" finished-at="2020-05-30T14:34:59 EDT">
          <reporter-output>
          </reporter-output>
        </test-method> <!-- validAdminLogin -->
        <test-method status="PASS" signature="tearDown()[pri:0, instance:com.hrms.testcases.LoginTest@1f57539]" name="tearDown" is-config="true" duration-ms="750" started-at="2020-05-30T14:34:59 EDT" finished-at="2020-05-30T14:35:00 EDT">
          <reporter-output>
          </reporter-output>
        </test-method> <!-- tearDown -->
      </class> <!-- com.hrms.testcases.LoginTest -->
    </test> <!-- Smoke Test -->
  </suite> <!-- Smoke Suite -->
</testng-results>
